0 info it worked if it ends with ok
1 verbose cli [ '/usr/local/Cellar/node/6.3.1/bin/node',
1 verbose cli   '/Users/jake.wood/.npm-packages/bin/npm',
1 verbose cli   'start' ]
2 info using npm@3.10.5
3 info using node@v6.3.1
4 verbose run-script [ 'prestart', 'start', 'poststart' ]
5 info lifecycle socket-chat-example@0.0.1~prestart: socket-chat-example@0.0.1
6 silly lifecycle socket-chat-example@0.0.1~prestart: no script for prestart, continuing
7 info lifecycle socket-chat-example@0.0.1~start: socket-chat-example@0.0.1
8 verbose lifecycle socket-chat-example@0.0.1~start: unsafe-perm in lifecycle true
9 verbose lifecycle socket-chat-example@0.0.1~start: PATH: /Users/jake.wood/.npm-packages/lib/node_modules/npm/bin/node-gyp-bin:/Users/jake.wood/Documents/Works/greater-good/node_modules/.bin:/usr/local/Cellar/node/6.3.1/bin:/Users/jake.wood/.npm-packages/bin:/Users/jake.wood/.bin/ant:/opt/subversion/bin:/usr/X11/lib:/opt/local/bin:/Users/jake.wood/.ac/shared/bin:/usr/local/bin:/usr/local/sbin:/usr/local/bin:/usr/bin:/bin:/usr/sbin:/sbin:/opt/X11/bin:/Users/jake.wood/Library/Python/2.7/bin
10 verbose lifecycle socket-chat-example@0.0.1~start: CWD: /Users/jake.wood/Documents/Works/greater-good
11 silly lifecycle socket-chat-example@0.0.1~start: Args: [ '-c', 'parallelshell \'gulp\' \'node index.js\'' ]
12 silly lifecycle socket-chat-example@0.0.1~start: Returned: code: 1  signal: null
13 info lifecycle socket-chat-example@0.0.1~start: Failed to exec start script
14 verbose stack Error: socket-chat-example@0.0.1 start: `parallelshell 'gulp' 'node index.js'`
14 verbose stack Exit status 1
14 verbose stack     at EventEmitter.<anonymous> (/Users/jake.wood/.npm-packages/lib/node_modules/npm/lib/utils/lifecycle.js:242:16)
14 verbose stack     at emitTwo (events.js:106:13)
14 verbose stack     at EventEmitter.emit (events.js:191:7)
14 verbose stack     at ChildProcess.<anonymous> (/Users/jake.wood/.npm-packages/lib/node_modules/npm/lib/utils/spawn.js:40:14)
14 verbose stack     at emitTwo (events.js:106:13)
14 verbose stack     at ChildProcess.emit (events.js:191:7)
14 verbose stack     at maybeClose (internal/child_process.js:852:16)
14 verbose stack     at Process.ChildProcess._handle.onexit (internal/child_process.js:215:5)
15 verbose pkgid socket-chat-example@0.0.1
16 verbose cwd /Users/jake.wood/Documents/Works/greater-good
17 error Darwin 15.6.0
18 error argv "/usr/local/Cellar/node/6.3.1/bin/node" "/Users/jake.wood/.npm-packages/bin/npm" "start"
19 error node v6.3.1
20 error npm  v3.10.5
21 error code ELIFECYCLE
22 error socket-chat-example@0.0.1 start: `parallelshell 'gulp' 'node index.js'`
22 error Exit status 1
23 error Failed at the socket-chat-example@0.0.1 start script 'parallelshell 'gulp' 'node index.js''.
23 error Make sure you have the latest version of node.js and npm installed.
23 error If you do, this is most likely a problem with the socket-chat-example package,
23 error not with npm itself.
23 error Tell the author that this fails on your system:
23 error     parallelshell 'gulp' 'node index.js'
23 error You can get information on how to open an issue for this project with:
23 error     npm bugs socket-chat-example
23 error Or if that isn't available, you can get their info via:
23 error     npm owner ls socket-chat-example
23 error There is likely additional logging output above.
24 verbose exit [ 1, true ]
